<?xml version="1.0" encoding="UTF-8"?>
<testng-results ignored="0" total="1" passed="1" failed="0" skipped="0">
  <reporter-output>
  </reporter-output>
  <suite started-at="2024-05-08T12:49:11 IST" name="inetbankingv2" finished-at="2024-05-08T12:49:19 IST" duration-ms="8029">
    <groups>
    </groups>
    <test started-at="2024-05-08T12:49:11 IST" name="smoke Test" finished-at="2024-05-08T12:49:19 IST" duration-ms="8029">
      <class name="com.inetbankingtestcase.Tc_LoginTest_001">
        <test-method is-config="true" signature="setup(java.lang.String)[pri:0, instance:com.inetbankingtestcase.Tc_LoginTest_001@48075da3]" started-at="2024-05-08T12:49:11 IST" name="setup" finished-at="2024-05-08T12:49:18 IST" duration-ms="6250" status="PASS">
          <params>
            <param index="0">
              <value>
                <![CDATA[Chrome]]>
              </value>
            </param>
          </params>
          <reporter-output>
          </reporter-output>
        </test-method> <!-- setup -->
        <test-method signature="LoginTest()[pri:0, instance:com.inetbankingtestcase.Tc_LoginTest_001@48075da3]" started-at="2024-05-08T12:49:18 IST" name="LoginTest" finished-at="2024-05-08T12:49:19 IST" duration-ms="1305" status="PASS">
          <reporter-output>
          </reporter-output>
        </test-method> <!-- LoginTest -->
        <test-method is-config="true" signature="tearDown()[pri:0, instance:com.inetbankingtestcase.Tc_LoginTest_001@48075da3]" started-at="2024-05-08T12:49:19 IST" name="tearDown" finished-at="2024-05-08T12:49:19 IST" duration-ms="269" status="PASS">
          <reporter-output>
          </reporter-output>
        </test-method> <!-- tearDown -->
      </class> <!-- com.inetbankingtestcase.Tc_LoginTest_001 -->
    </test> <!-- smoke Test -->
  </suite> <!-- inetbankingv2 -->
</testng-results>
